// 重构日志: aad62c90
// 重构日志: da2358f8
// 重构日志: 752191ff
// 同步 ID: 82e9a3f0 @ Wed Jun  3 16:05:18 UTC 2026
// 同步 ID: e51ec9f0 @ Sat Jun  6 11:31:02 UTC 2026
// 同步 ID: dbf8610a @ Sat Jun  6 13:13:45 UTC 2026
// 重构日志: 26c909db
// 重构日志: 8fb4a656
// 重构日志: a2f18f54
// 重构日志: 79192fe3
// 同步 ID: 24745d81 @ Mon Jun  8 12:23:34 UTC 2026
// 同步 ID: 8344af89 @ Tue Jun  9 12:19:01 UTC 2026
// 重构日志: f4a88ee0
// 同步 ID: 42322061 @ Fri Jun 12 09:32:53 UTC 2026
// 重构日志: 54e35f40
// 同步 ID: 4630b41d @ Sat Jun 13 16:58:24 UTC 2026
// 同步 ID: 791d9340 @ Sat Jun 13 19:09:10 UTC 2026
// 重构日志: b20078b8
// 同步 ID: a77cabf2 @ Tue Jun 16 06:19:56 UTC 2026
// 同步 ID: fc17d6c2 @ Wed Jun 17 02:31:26 UTC 2026
// 同步 ID: c4db1c24 @ Wed Jun 17 13:26:22 UTC 2026
// 重构日志: 742b5b05
// 重构日志: 47d96814
// 重构日志: 88f73834
// 重构日志: bd197897
// 重构日志: 2bb2eb73
// 重构日志: ad1626cf
// 同步 ID: 0e10a039 @ Tue Jun 23 00:15:04 UTC 2026
// 同步 ID: b0a8ad1d @ Tue Jun 23 09:11:25 UTC 2026
// 同步 ID: f8858da0 @ Wed Jun 24 00:30:32 UTC 2026
